2025-12-24-05-19-46 [undefined] info: 
2025-12-24-05-19-49 [undefined] info: 
2025-12-24-05-20-10 [undefined] info: Successfully start project
2025-12-24-05-20-16 [undefined] info: Successfully start server
2025-12-24-05-20-27 [undefined] info: Successfully start server
2025-12-24-05-20-29 [undefined] info: Successfully start server
2025-12-24-05-20-33 [undefined] info: Successfully start server
2025-12-24-05-20-36 [undefined] info: Successfully start server
2025-12-24-05-20-53 [undefined] info: Successfully start server
2025-12-24-05-21-27 [function createFormatWrap(opts) {
    return new Format(opts);
  }] info: Successfully start server
2025-12-24-05-21-35  info: Successfully start server
2025-12-24-05-23-01  info: Successfully start server
2025-12-24-05-23-03  info: Successfully start server
2025-12-24-05-24-11  info: Successfully start server
info: Successfully start server {"timestamp":"2025-12-24-05-24-48"}
info: Successfully start server {"timestamp":"2025-12-25-00-46-51"}
info: Successfully start server {"timestamp":"2025-12-26-18-11-12"}
info: Successfully start server {"timestamp":"2025-12-27-04-48-43"}
info: Successfully start server {"timestamp":"2025-12-27-05-08-12"}
info: Successfully start server {"timestamp":"2025-12-27-05-08-16"}
info: Successfully start server {"timestamp":"2025-12-27-05-08-21"}
info: Successfully start server {"timestamp":"2025-12-27-05-08-22"}
info: Successfully start server {"timestamp":"2025-12-27-05-08-24"}
info: Successfully start server {"timestamp":"2025-12-27-05-08-31"}
info: Successfully start server {"timestamp":"2025-12-27-05-08-35"}
info: Successfully start server {"timestamp":"2025-12-27-05-11-33"}
info: Successfully start server {"timestamp":"2025-12-27-05-11-35"}
info: Successfully start server {"timestamp":"2025-12-27-05-11-39"}
info: Successfully start server {"timestamp":"2025-12-27-05-11-44"}
info: Successfully start server {"timestamp":"2025-12-27-05-11-47"}
info: Successfully start server {"timestamp":"2025-12-27-05-11-51"}
info: Successfully start server {"timestamp":"2025-12-27-05-11-56"}
info: Successfully start server {"timestamp":"2025-12-27-05-12-01"}
info: Successfully start server {"timestamp":"2025-12-27-05-15-06"}
info: Successfully start server {"timestamp":"2025-12-27-05-25-15"}
info: Successfully start server {"timestamp":"2025-12-27-05-28-01"}
info: Successfully start server {"timestamp":"2025-12-27-05-36-29"}
info: Successfully start server {"timestamp":"2025-12-27-05-36-31"}
info: Successfully start server {"timestamp":"2025-12-27-05-37-04"}
info: Successfully start server {"timestamp":"2025-12-27-05-41-03"}
info: Successfully start server {"timestamp":"2025-12-27-05-41-06"}
info: Successfully start server {"timestamp":"2025-12-27-05-41-11"}
info: Successfully start server {"timestamp":"2025-12-27-05-41-20"}
info: Successfully start server {"timestamp":"2025-12-27-05-41-22"}
info: Successfully start server {"timestamp":"2025-12-27-05-42-07"}
info: Successfully start server {"timestamp":"2025-12-27-05-42-15"}
info: Successfully start server {"timestamp":"2025-12-27-05-46-35"}
info: Successfully start server {"timestamp":"2025-12-27-05-47-44"}
info: Successfully start server {"timestamp":"2025-12-27-05-47-47"}
error: Something went wrong in the Crud Repo :create {"timestamp":"2025-12-27-05-48-28"}
info: Successfully start server {"timestamp":"2025-12-27-05-51-29"}
info: Successfully start server {"timestamp":"2025-12-27-05-52-05"}
info: Successfully start server {"timestamp":"2025-12-27-05-58-02"}
info: Successfully start server {"timestamp":"2025-12-27-08-23-27"}
info: Successfully start server {"timestamp":"2025-12-27-08-27-17"}
info: Successfully start server {"timestamp":"2025-12-27-08-27-33"}
info: Successfully start server {"timestamp":"2025-12-27-08-27-39"}
info: Successfully start server {"timestamp":"2025-12-27-08-27-41"}
info: Successfully start server {"timestamp":"2025-12-27-08-27-41"}
info: Successfully start server {"timestamp":"2025-12-27-08-27-44"}
info: Successfully start server {"timestamp":"2025-12-27-08-27-46"}
info: Successfully start server {"timestamp":"2025-12-27-08-27-48"}
info: Successfully start server {"timestamp":"2025-12-27-08-27-50"}
info: Successfully start server {"timestamp":"2025-12-27-08-27-54"}
info: Successfully start server {"timestamp":"2025-12-27-08-27-56"}
info: Successfully start server {"timestamp":"2025-12-27-08-27-57"}
info: Successfully start server {"timestamp":"2025-12-27-08-28-00"}
info: Successfully start server {"timestamp":"2025-12-27-08-28-02"}
info: Successfully start server {"timestamp":"2025-12-27-08-28-08"}
info: Successfully start server {"timestamp":"2025-12-27-08-28-09"}
info: Successfully start server {"timestamp":"2025-12-27-08-28-12"}
info: Successfully start server {"timestamp":"2025-12-27-08-28-15"}
info: Successfully start server {"timestamp":"2025-12-27-08-28-19"}
info: Successfully start server {"timestamp":"2025-12-27-08-28-23"}
info: Successfully start server {"timestamp":"2025-12-27-08-28-24"}
info: Successfully start server {"timestamp":"2025-12-27-08-28-35"}
info: Successfully start server {"timestamp":"2025-12-27-08-28-36"}
info: Successfully start server {"timestamp":"2025-12-27-08-28-37"}
info: Successfully start server {"timestamp":"2025-12-27-08-28-40"}
info: Successfully start server {"timestamp":"2025-12-27-08-28-43"}
info: Successfully start server {"timestamp":"2025-12-27-08-28-47"}
info: Successfully start server {"timestamp":"2025-12-27-08-28-48"}
info: Successfully start server {"timestamp":"2025-12-27-08-28-50"}
info: Successfully start server {"timestamp":"2025-12-27-08-29-00"}
info: Successfully start server {"timestamp":"2025-12-27-08-29-27"}
info: Successfully start server {"timestamp":"2025-12-27-08-29-29"}
info: Successfully start server {"timestamp":"2025-12-27-08-29-35"}
info: Successfully start server {"timestamp":"2025-12-27-08-29-43"}
info: Successfully start server {"timestamp":"2025-12-27-08-29-46"}
info: Successfully start server {"timestamp":"2025-12-27-08-29-49"}
info: Successfully start server {"timestamp":"2025-12-27-08-29-50"}
info: Successfully start server {"timestamp":"2025-12-27-08-29-53"}
info: Successfully start server {"timestamp":"2025-12-27-08-29-54"}
info: Successfully start server {"timestamp":"2025-12-27-08-29-57"}
info: Successfully start server {"timestamp":"2025-12-27-08-29-59"}
info: Successfully start server {"timestamp":"2025-12-27-08-30-01"}
info: Successfully start server {"timestamp":"2025-12-27-08-30-05"}
info: Successfully start server {"timestamp":"2025-12-27-08-30-08"}
info: Successfully start server {"timestamp":"2025-12-27-08-30-32"}
info: Successfully start server {"timestamp":"2025-12-27-08-30-45"}
info: Successfully start server {"timestamp":"2025-12-27-08-30-48"}
info: Successfully start server {"timestamp":"2025-12-27-08-30-50"}
info: Successfully start server {"timestamp":"2025-12-27-08-30-51"}
info: Successfully start server {"timestamp":"2025-12-27-08-30-53"}
info: Successfully start server {"timestamp":"2025-12-27-08-30-56"}
info: Successfully start server {"timestamp":"2025-12-27-08-30-57"}
info: Successfully start server {"timestamp":"2025-12-27-08-31-00"}
info: Successfully start server {"timestamp":"2025-12-27-08-31-03"}
info: Successfully start server {"timestamp":"2025-12-27-08-31-06"}
info: Successfully start server {"timestamp":"2025-12-27-08-31-08"}
info: Successfully start server {"timestamp":"2025-12-27-08-31-12"}
info: Successfully start server {"timestamp":"2025-12-27-08-31-14"}
info: Successfully start server {"timestamp":"2025-12-27-08-31-15"}
info: Successfully start server {"timestamp":"2025-12-27-08-31-18"}
info: Successfully start server {"timestamp":"2025-12-27-08-31-20"}
info: Successfully start server {"timestamp":"2025-12-27-08-31-25"}
info: Successfully start server {"timestamp":"2025-12-27-08-31-30"}
info: Successfully start server {"timestamp":"2025-12-27-08-31-31"}
info: Successfully start server {"timestamp":"2025-12-27-08-31-32"}
info: Successfully start server {"timestamp":"2025-12-27-08-31-34"}
info: Successfully start server {"timestamp":"2025-12-27-08-31-38"}
info: Successfully start server {"timestamp":"2025-12-27-08-31-41"}
info: Successfully start server {"timestamp":"2025-12-27-08-31-43"}
info: Successfully start server {"timestamp":"2025-12-27-08-31-47"}
info: Successfully start server {"timestamp":"2025-12-27-08-31-48"}
info: Successfully start server {"timestamp":"2025-12-27-08-31-50"}
info: Successfully start server {"timestamp":"2025-12-27-08-31-59"}
info: Successfully start server {"timestamp":"2025-12-27-08-32-02"}
info: Successfully start server {"timestamp":"2025-12-27-08-32-04"}
info: Successfully start server {"timestamp":"2025-12-27-08-32-07"}
info: Successfully start server {"timestamp":"2025-12-27-08-32-11"}
info: Successfully start server {"timestamp":"2025-12-27-08-32-12"}
info: Successfully start server {"timestamp":"2025-12-27-08-32-14"}
info: Successfully start server {"timestamp":"2025-12-27-08-32-20"}
info: Successfully start server {"timestamp":"2025-12-27-08-32-22"}
info: Successfully start server {"timestamp":"2025-12-27-08-32-27"}
info: Successfully start server {"timestamp":"2025-12-27-08-32-31"}
info: Successfully start server {"timestamp":"2025-12-27-08-33-14"}
info: Successfully start server {"timestamp":"2025-12-27-08-33-17"}
info: Successfully start server {"timestamp":"2025-12-27-08-33-20"}
info: Successfully start server {"timestamp":"2025-12-27-08-33-22"}
info: Successfully start server {"timestamp":"2025-12-27-08-33-24"}
info: Successfully start server {"timestamp":"2025-12-27-08-33-28"}
info: Successfully start server {"timestamp":"2025-12-27-08-33-30"}
info: Successfully start server {"timestamp":"2025-12-27-08-33-33"}
info: Successfully start server {"timestamp":"2025-12-27-08-33-35"}
info: Successfully start server {"timestamp":"2025-12-27-08-33-38"}
info: Successfully start server {"timestamp":"2025-12-27-08-33-43"}
info: Successfully start server {"timestamp":"2025-12-27-08-33-45"}
info: Successfully start server {"timestamp":"2025-12-27-08-33-48"}
info: Successfully start server {"timestamp":"2025-12-27-08-33-52"}
info: Successfully start server {"timestamp":"2025-12-27-08-33-53"}
info: Successfully start server {"timestamp":"2025-12-27-08-33-56"}
info: Successfully start server {"timestamp":"2025-12-27-08-33-58"}
info: Successfully start server {"timestamp":"2025-12-27-08-34-00"}
info: Successfully start server {"timestamp":"2025-12-27-08-34-03"}
info: Successfully start server {"timestamp":"2025-12-27-08-34-05"}
info: Successfully start server {"timestamp":"2025-12-27-08-34-13"}
info: Successfully start server {"timestamp":"2025-12-27-08-34-27"}
info: Successfully start server {"timestamp":"2025-12-27-08-35-17"}
info: Successfully start server {"timestamp":"2025-12-27-08-35-20"}
info: Successfully start server {"timestamp":"2025-12-27-08-36-04"}
info: Successfully start server {"timestamp":"2025-12-27-08-36-13"}
info: Successfully start server {"timestamp":"2025-12-27-08-36-19"}
info: Successfully start server {"timestamp":"2025-12-27-08-36-23"}
info: Successfully start server {"timestamp":"2025-12-27-08-36-24"}
info: Successfully start server {"timestamp":"2025-12-27-08-36-26"}
info: Successfully start server {"timestamp":"2025-12-27-08-36-33"}
info: Successfully start server {"timestamp":"2025-12-27-08-36-35"}
info: Successfully start server {"timestamp":"2025-12-27-08-36-39"}
info: Successfully start server {"timestamp":"2025-12-27-08-36-43"}
info: Successfully start server {"timestamp":"2025-12-27-08-36-46"}
info: Successfully start server {"timestamp":"2025-12-27-08-36-48"}
info: Successfully start server {"timestamp":"2025-12-27-08-37-01"}
info: Successfully start server {"timestamp":"2025-12-27-08-37-04"}
info: Successfully start server {"timestamp":"2025-12-27-08-37-07"}
info: Successfully start server {"timestamp":"2025-12-27-08-37-10"}
info: Successfully start server {"timestamp":"2025-12-27-08-37-11"}
info: Successfully start server {"timestamp":"2025-12-27-08-37-28"}
info: Successfully start server {"timestamp":"2025-12-27-08-37-46"}
info: Successfully start server {"timestamp":"2025-12-27-08-38-14"}
info: Successfully start server {"timestamp":"2025-12-27-08-38-16"}
info: Successfully start server {"timestamp":"2025-12-27-08-38-19"}
info: Successfully start server {"timestamp":"2025-12-27-08-38-22"}
info: Successfully start server {"timestamp":"2025-12-27-08-38-23"}
info: Successfully start server {"timestamp":"2025-12-27-08-38-24"}
info: Successfully start server {"timestamp":"2025-12-27-08-38-28"}
info: Successfully start server {"timestamp":"2025-12-27-08-38-30"}
info: Successfully start server {"timestamp":"2025-12-27-08-38-33"}
info: Successfully start server {"timestamp":"2025-12-27-08-38-36"}
info: Successfully start server {"timestamp":"2025-12-27-08-38-39"}
info: Successfully start server {"timestamp":"2025-12-27-08-38-46"}
info: Successfully start server {"timestamp":"2025-12-27-08-38-49"}
info: Successfully start server {"timestamp":"2025-12-27-08-38-52"}
info: Successfully start server {"timestamp":"2025-12-27-08-38-54"}
info: Successfully start server {"timestamp":"2025-12-27-08-38-56"}
info: Successfully start server {"timestamp":"2025-12-27-08-39-00"}
info: Successfully start server {"timestamp":"2025-12-27-08-39-03"}
info: Successfully start server {"timestamp":"2025-12-27-08-39-06"}
info: Successfully start server {"timestamp":"2025-12-27-08-39-10"}
info: Successfully start server {"timestamp":"2025-12-27-08-39-54"}
info: Successfully start server {"timestamp":"2025-12-27-08-40-07"}
info: Successfully start server {"timestamp":"2025-12-27-08-40-14"}
info: Successfully start server {"timestamp":"2025-12-27-08-40-16"}
info: Successfully start server {"timestamp":"2025-12-27-08-45-35"}
info: Successfully start server {"timestamp":"2025-12-27-08-57-57"}
info: Successfully start server {"timestamp":"2025-12-27-09-02-06"}
error: Something went wrong in the Crud Repo :create {"timestamp":"2025-12-27-09-02-29"}
info: Successfully start server {"timestamp":"2025-12-27-09-12-43"}
info: Successfully start server {"timestamp":"2025-12-27-09-19-35"}
info: Successfully start server {"timestamp":"2025-12-27-09-19-36"}
info: Successfully start server {"timestamp":"2025-12-27-09-19-38"}
info: Successfully start server {"timestamp":"2025-12-27-09-19-42"}
info: Successfully start server {"timestamp":"2025-12-27-09-19-43"}
info: Successfully start server {"timestamp":"2025-12-27-09-19-49"}
info: Successfully start server {"timestamp":"2025-12-27-09-19-50"}
info: Successfully start server {"timestamp":"2025-12-27-09-19-54"}
info: Successfully start server {"timestamp":"2025-12-27-09-19-57"}
info: Successfully start server {"timestamp":"2025-12-27-09-20-06"}
info: Successfully start server {"timestamp":"2025-12-27-09-20-14"}
info: Successfully start server {"timestamp":"2025-12-27-09-20-20"}
info: Successfully start server {"timestamp":"2025-12-27-09-20-25"}
info: Successfully start server {"timestamp":"2025-12-27-09-20-28"}
info: Successfully start server {"timestamp":"2025-12-27-09-20-43"}
info: Successfully start server {"timestamp":"2025-12-27-09-20-45"}
info: Successfully start server {"timestamp":"2025-12-27-09-20-47"}
info: Successfully start server {"timestamp":"2025-12-27-09-21-03"}
info: Successfully start server {"timestamp":"2025-12-27-09-21-23"}
info: Successfully start server {"timestamp":"2025-12-27-09-21-38"}
info: Successfully start server {"timestamp":"2025-12-27-09-21-40"}
info: Successfully start server {"timestamp":"2025-12-27-09-21-43"}
info: Successfully start server {"timestamp":"2025-12-27-09-21-48"}
info: Successfully start server {"timestamp":"2025-12-27-09-21-51"}
info: Successfully start server {"timestamp":"2025-12-27-09-21-53"}
info: Successfully start server {"timestamp":"2025-12-27-09-21-56"}
info: Successfully start server {"timestamp":"2025-12-27-09-22-00"}
info: Successfully start server {"timestamp":"2025-12-27-09-22-03"}
info: Successfully start server {"timestamp":"2025-12-27-09-22-04"}
info: Successfully start server {"timestamp":"2025-12-27-09-22-07"}
info: Successfully start server {"timestamp":"2025-12-27-09-22-09"}
info: Successfully start server {"timestamp":"2025-12-27-09-22-10"}
info: Successfully start server {"timestamp":"2025-12-27-09-22-22"}
info: Successfully start server {"timestamp":"2025-12-27-09-22-35"}
info: Successfully start server {"timestamp":"2025-12-27-09-22-37"}
info: Successfully start server {"timestamp":"2025-12-27-09-22-42"}
info: Successfully start server {"timestamp":"2025-12-27-09-22-44"}
info: Successfully start server {"timestamp":"2025-12-27-09-22-46"}
info: Successfully start server {"timestamp":"2025-12-27-09-22-48"}
info: Successfully start server {"timestamp":"2025-12-27-09-23-04"}
info: Successfully start server {"timestamp":"2025-12-27-09-23-07"}
info: Successfully start server {"timestamp":"2025-12-27-09-23-08"}
info: Successfully start server {"timestamp":"2025-12-27-09-23-11"}
info: Successfully start server {"timestamp":"2025-12-27-09-23-14"}
info: Successfully start server {"timestamp":"2025-12-27-09-23-35"}
info: Successfully start server {"timestamp":"2025-12-27-09-23-37"}
info: Successfully start server {"timestamp":"2025-12-27-09-23-43"}
info: Successfully start server {"timestamp":"2025-12-27-09-23-45"}
info: Successfully start server {"timestamp":"2025-12-27-09-24-02"}
info: Successfully start server {"timestamp":"2025-12-27-09-24-04"}
info: Successfully start server {"timestamp":"2025-12-27-09-24-06"}
info: Successfully start server {"timestamp":"2025-12-27-09-25-41"}
info: Successfully start server {"timestamp":"2025-12-27-09-26-10"}
info: Successfully start server {"timestamp":"2025-12-27-09-26-14"}
info: Successfully start server {"timestamp":"2025-12-27-09-26-17"}
info: Successfully start server {"timestamp":"2025-12-27-09-26-20"}
info: Successfully start server {"timestamp":"2025-12-27-09-26-22"}
info: Successfully start server {"timestamp":"2025-12-27-09-26-24"}
info: Successfully start server {"timestamp":"2025-12-27-09-26-26"}
info: Successfully start server {"timestamp":"2025-12-27-09-26-29"}
info: Successfully start server {"timestamp":"2025-12-27-09-26-32"}
info: Successfully start server {"timestamp":"2025-12-27-09-26-35"}
info: Successfully start server {"timestamp":"2025-12-27-09-26-43"}
info: Successfully start server {"timestamp":"2025-12-27-09-26-47"}
info: Successfully start server {"timestamp":"2025-12-27-09-26-50"}
info: Successfully start server {"timestamp":"2025-12-27-09-26-53"}
info: Successfully start server {"timestamp":"2025-12-27-09-26-57"}
info: Successfully start server {"timestamp":"2025-12-27-09-26-59"}
info: Successfully start server {"timestamp":"2025-12-27-09-27-01"}
info: Successfully start server {"timestamp":"2025-12-27-09-27-04"}
info: Successfully start server {"timestamp":"2025-12-27-09-27-06"}
info: Successfully start server {"timestamp":"2025-12-27-09-27-16"}
info: Successfully start server {"timestamp":"2025-12-27-09-27-25"}
info: Successfully start server {"timestamp":"2025-12-27-09-27-33"}
info: Successfully start server {"timestamp":"2025-12-27-09-27-38"}
info: Successfully start server {"timestamp":"2025-12-27-09-27-40"}
info: Successfully start server {"timestamp":"2025-12-27-09-27-42"}
info: Successfully start server {"timestamp":"2025-12-27-09-28-19"}
info: Successfully start server {"timestamp":"2025-12-27-09-28-30"}
info: Successfully start server {"timestamp":"2025-12-27-09-28-36"}
info: Successfully start server {"timestamp":"2025-12-27-09-28-38"}
info: Successfully start server {"timestamp":"2025-12-27-09-28-57"}
info: Successfully start server {"timestamp":"2025-12-27-09-29-04"}
info: Successfully start server {"timestamp":"2025-12-27-09-29-15"}
info: Successfully start server {"timestamp":"2025-12-27-09-29-18"}
info: Successfully start server {"timestamp":"2025-12-27-09-30-22"}
info: Successfully start server {"timestamp":"2025-12-27-09-30-27"}
info: Successfully start server {"timestamp":"2025-12-27-09-30-31"}
info: Successfully start server {"timestamp":"2025-12-27-09-30-33"}
info: Successfully start server {"timestamp":"2025-12-27-09-30-39"}
info: Successfully start server {"timestamp":"2025-12-27-09-30-42"}
info: Successfully start server {"timestamp":"2025-12-27-09-30-44"}
info: Successfully start server {"timestamp":"2025-12-27-09-30-48"}
info: Successfully start server {"timestamp":"2025-12-27-09-30-50"}
info: Successfully start server {"timestamp":"2025-12-27-09-30-54"}
info: Successfully start server {"timestamp":"2025-12-27-09-30-56"}
info: Successfully start server {"timestamp":"2025-12-27-09-30-58"}
info: Successfully start server {"timestamp":"2025-12-27-09-31-00"}
info: Successfully start server {"timestamp":"2025-12-27-09-31-03"}
info: Successfully start server {"timestamp":"2025-12-27-09-31-07"}
info: Successfully start server {"timestamp":"2025-12-27-09-31-12"}
info: Successfully start server {"timestamp":"2025-12-27-09-31-15"}
info: Successfully start server {"timestamp":"2025-12-27-09-31-18"}
info: Successfully start server {"timestamp":"2025-12-27-09-31-22"}
info: Successfully start server {"timestamp":"2025-12-27-09-31-24"}
info: Successfully start server {"timestamp":"2025-12-27-09-31-34"}
info: Successfully start server {"timestamp":"2025-12-27-09-31-37"}
info: Successfully start server {"timestamp":"2025-12-27-09-31-40"}
info: Successfully start server {"timestamp":"2025-12-27-09-31-42"}
info: Successfully start server {"timestamp":"2025-12-27-09-31-43"}
info: Successfully start server {"timestamp":"2025-12-27-09-31-54"}
info: Successfully start server {"timestamp":"2025-12-27-09-31-56"}
info: Successfully start server {"timestamp":"2025-12-27-09-31-58"}
info: Successfully start server {"timestamp":"2025-12-27-09-32-02"}
info: Successfully start server {"timestamp":"2025-12-27-09-32-04"}
info: Successfully start server {"timestamp":"2025-12-27-09-32-12"}
info: Successfully start server {"timestamp":"2025-12-27-09-32-14"}
info: Successfully start server {"timestamp":"2025-12-27-09-32-20"}
info: Successfully start server {"timestamp":"2025-12-27-09-36-19"}
info: Successfully start server {"timestamp":"2025-12-27-09-36-23"}
info: Successfully start server {"timestamp":"2025-12-27-09-36-29"}
info: Successfully start server {"timestamp":"2025-12-27-09-36-32"}
info: Successfully start server {"timestamp":"2025-12-27-09-36-33"}
info: Successfully start server {"timestamp":"2025-12-27-09-36-37"}
info: Successfully start server {"timestamp":"2025-12-27-09-37-03"}
info: Successfully start server {"timestamp":"2025-12-27-09-37-04"}
info: Successfully start server {"timestamp":"2025-12-27-09-37-09"}
info: Successfully start server {"timestamp":"2025-12-27-09-37-18"}
info: Successfully start server {"timestamp":"2025-12-27-09-37-22"}
info: Successfully start server {"timestamp":"2025-12-27-09-37-27"}
info: Successfully start server {"timestamp":"2025-12-27-09-37-31"}
info: Successfully start server {"timestamp":"2025-12-27-09-38-08"}
info: Successfully start server {"timestamp":"2025-12-27-09-38-39"}
info: Successfully start server {"timestamp":"2025-12-27-09-38-51"}
info: Successfully start server {"timestamp":"2025-12-27-09-38-59"}
info: Successfully start server {"timestamp":"2025-12-27-09-45-38"}
info: Successfully start server {"timestamp":"2025-12-27-09-45-48"}
info: Successfully start server {"timestamp":"2025-12-27-09-45-52"}
info: Successfully start server {"timestamp":"2025-12-27-09-49-14"}
info: Successfully start server {"timestamp":"2025-12-27-09-49-20"}
info: Successfully start server {"timestamp":"2025-12-27-09-49-23"}
info: Successfully start server {"timestamp":"2025-12-27-09-49-27"}
info: Successfully start server {"timestamp":"2025-12-27-09-49-30"}
info: Successfully start server {"timestamp":"2025-12-27-09-49-37"}
info: Successfully start server {"timestamp":"2025-12-27-09-49-41"}
info: Successfully start server {"timestamp":"2025-12-27-09-49-43"}
info: Successfully start server {"timestamp":"2025-12-27-09-49-47"}
info: Successfully start server {"timestamp":"2025-12-27-09-49-51"}
info: Successfully start server {"timestamp":"2025-12-27-09-49-53"}
info: Successfully start server {"timestamp":"2025-12-27-09-49-57"}
info: Successfully start server {"timestamp":"2025-12-27-09-50-35"}
info: Successfully start server {"timestamp":"2025-12-27-09-50-37"}
info: Successfully start server {"timestamp":"2025-12-27-09-50-40"}
info: Successfully start server {"timestamp":"2025-12-27-09-50-42"}
info: Successfully start server {"timestamp":"2025-12-27-09-50-45"}
info: Successfully start server {"timestamp":"2025-12-27-09-50-48"}
info: Successfully start server {"timestamp":"2025-12-27-09-50-53"}
info: Successfully start server {"timestamp":"2025-12-27-09-50-55"}
info: Successfully start server {"timestamp":"2025-12-27-09-51-13"}
info: Successfully start server {"timestamp":"2025-12-27-09-51-17"}
info: Successfully start server {"timestamp":"2025-12-27-09-51-20"}
info: Successfully start server {"timestamp":"2025-12-27-09-51-33"}
info: Successfully start server {"timestamp":"2025-12-27-09-51-34"}
info: Successfully start server {"timestamp":"2025-12-27-09-51-36"}
info: Successfully start server {"timestamp":"2025-12-27-09-51-40"}
info: Successfully start server {"timestamp":"2025-12-27-09-51-44"}
info: Successfully start server {"timestamp":"2025-12-27-09-51-47"}
info: Successfully start server {"timestamp":"2025-12-27-09-52-19"}
info: Successfully start server {"timestamp":"2025-12-27-09-52-23"}
info: Successfully start server {"timestamp":"2025-12-27-09-52-26"}
info: Successfully start server {"timestamp":"2025-12-27-09-52-28"}
info: Successfully start server {"timestamp":"2025-12-27-09-52-30"}
info: Successfully start server {"timestamp":"2025-12-27-09-52-37"}
info: Successfully start server {"timestamp":"2025-12-27-10-01-06"}
info: Successfully start server {"timestamp":"2025-12-27-10-01-12"}
info: Successfully start server {"timestamp":"2025-12-27-10-01-18"}
info: Successfully start server {"timestamp":"2025-12-27-10-01-20"}
info: Successfully start server {"timestamp":"2025-12-27-10-01-21"}
info: Successfully start server {"timestamp":"2025-12-27-10-01-24"}
info: Successfully start server {"timestamp":"2025-12-27-10-01-27"}
info: Successfully start server {"timestamp":"2025-12-27-10-01-33"}
info: Successfully start server {"timestamp":"2025-12-27-10-01-42"}
info: Successfully start server {"timestamp":"2025-12-27-10-01-48"}
info: Successfully start server {"timestamp":"2025-12-27-10-01-50"}
info: Successfully start server {"timestamp":"2025-12-27-10-01-52"}
info: Successfully start server {"timestamp":"2025-12-27-10-01-54"}
info: Successfully start server {"timestamp":"2025-12-27-10-02-20"}
info: Successfully start server {"timestamp":"2025-12-27-10-02-25"}
info: Successfully start server {"timestamp":"2025-12-27-10-02-29"}
info: Successfully start server {"timestamp":"2025-12-27-10-02-35"}
info: Successfully start server {"timestamp":"2025-12-27-10-02-40"}
info: Successfully start server {"timestamp":"2025-12-27-10-02-50"}
info: Successfully start server {"timestamp":"2025-12-27-10-03-08"}
info: Successfully start server {"timestamp":"2025-12-27-10-03-32"}
info: Successfully start server {"timestamp":"2025-12-27-10-03-50"}
info: Successfully start server {"timestamp":"2025-12-27-10-03-55"}
info: Successfully start server {"timestamp":"2025-12-27-10-04-08"}
info: Successfully start server {"timestamp":"2025-12-27-10-04-11"}
info: Successfully start server {"timestamp":"2025-12-27-10-04-22"}
info: Successfully start server {"timestamp":"2025-12-27-10-04-25"}
info: Successfully start server {"timestamp":"2025-12-27-10-04-27"}
info: Successfully start server {"timestamp":"2025-12-27-10-04-30"}
info: Successfully start server {"timestamp":"2025-12-27-10-04-32"}
info: Successfully start server {"timestamp":"2025-12-27-10-04-46"}
info: Successfully start server {"timestamp":"2025-12-27-10-04-52"}
info: Successfully start server {"timestamp":"2025-12-27-10-04-54"}
info: Successfully start server {"timestamp":"2025-12-27-10-09-52"}
info: Successfully start server {"timestamp":"2026-01-02-10-47-24"}
error: Something went wrong in the Crud Repo :create {"timestamp":"2026-01-02-11-03-04"}
info: Successfully start server {"timestamp":"2026-01-02-11-05-46"}
info: Successfully start server {"timestamp":"2026-01-02-11-06-57"}
info: Successfully start server {"timestamp":"2026-01-02-11-06-59"}
info: Successfully start server {"timestamp":"2026-01-02-11-07-07"}
info: Successfully start server {"timestamp":"2026-01-02-11-07-10"}
info: Successfully start server {"timestamp":"2026-01-02-11-08-39"}
info: Successfully start server {"timestamp":"2026-01-02-11-19-31"}
info: Successfully start server {"timestamp":"2026-01-02-11-21-33"}
info: Successfully start server {"timestamp":"2026-01-02-11-21-35"}
info: Successfully start server {"timestamp":"2026-01-02-11-21-37"}
info: Successfully start server {"timestamp":"2026-01-02-11-21-39"}
info: Successfully start server {"timestamp":"2026-01-02-11-21-40"}
info: Successfully start server {"timestamp":"2026-01-02-11-21-43"}
info: Successfully start server {"timestamp":"2026-01-02-11-21-48"}
info: Successfully start server {"timestamp":"2026-01-02-11-21-51"}
info: Successfully start server {"timestamp":"2026-01-02-11-22-18"}
error: Something went wrong in the Crud Repo :create {"timestamp":"2026-01-02-11-22-20"}
info: Successfully start server {"timestamp":"2026-01-02-11-26-15"}
error: Something went wrong in the Crud Repo :create {"timestamp":"2026-01-02-11-26-43"}
info: Successfully start server {"timestamp":"2026-01-02-11-29-23"}
info: Successfully start server {"timestamp":"2026-01-02-11-29-34"}
error: Something went wrong in the Crud Repo :create {"timestamp":"2026-01-02-11-29-39"}
info: Successfully start server {"timestamp":"2026-01-02-11-30-04"}
info: Successfully start server {"timestamp":"2026-01-02-11-30-10"}
info: Successfully start server {"timestamp":"2026-01-02-11-34-44"}
info: Successfully start server {"timestamp":"2026-01-02-11-34-47"}
info: Successfully start server {"timestamp":"2026-01-02-11-34-49"}
info: Successfully start server {"timestamp":"2026-01-02-11-35-30"}
info: Successfully start server {"timestamp":"2026-01-02-11-35-33"}
error: Something went wrong in the Crud Repo :create {"timestamp":"2026-01-02-11-36-53"}
info: Successfully start server {"timestamp":"2026-01-02-11-37-49"}
info: Successfully start server {"timestamp":"2026-01-02-11-37-52"}
info: Successfully start server {"timestamp":"2026-01-02-11-37-58"}
info: Successfully start server {"timestamp":"2026-01-02-11-38-17"}
info: Successfully start server {"timestamp":"2026-01-02-11-38-21"}
info: Successfully start server {"timestamp":"2026-01-02-11-38-26"}
info: Successfully start server {"timestamp":"2026-01-02-11-38-29"}
info: Successfully start server {"timestamp":"2026-01-02-11-38-35"}
info: Successfully start server {"timestamp":"2026-01-02-11-38-43"}
info: Successfully start server {"timestamp":"2026-01-02-11-44-34"}
error: Something went wrong in the Crud Repo :create {"timestamp":"2026-01-02-11-44-47"}
info: Successfully start server {"timestamp":"2026-01-02-11-45-44"}
info: Successfully start server {"timestamp":"2026-01-02-11-45-52"}
info: Successfully start server {"timestamp":"2026-01-02-11-46-01"}
info: Successfully start server {"timestamp":"2026-01-02-11-46-18"}
error: Something went wrong in the Crud Repo :create {"timestamp":"2026-01-02-11-47-30"}
info: Successfully start server {"timestamp":"2026-01-02-11-52-35"}
info: Successfully start server {"timestamp":"2026-01-02-11-52-36"}
info: Successfully start server {"timestamp":"2026-01-02-11-52-48"}
info: Successfully start server {"timestamp":"2026-01-02-11-53-05"}
info: Successfully start server {"timestamp":"2026-01-02-11-53-07"}
info: Successfully start server {"timestamp":"2026-01-02-11-53-09"}
info: Successfully start server {"timestamp":"2026-01-02-11-53-11"}
info: Successfully start server {"timestamp":"2026-01-02-11-54-20"}
info: Successfully start server {"timestamp":"2026-01-02-11-54-21"}
info: Successfully start server {"timestamp":"2026-01-02-11-54-24"}
error: Something went wrong in the Crud Repo :create {"timestamp":"2026-01-02-11-54-41"}
info: Successfully start server {"timestamp":"2026-01-02-11-56-21"}
error: Something went wrong in the Crud Repo :create {"timestamp":"2026-01-02-11-56-23"}
error: Something went wrong in the Crud Repo :create {"timestamp":"2026-01-02-11-56-35"}
error: Something went wrong in the Crud Repo :create {"timestamp":"2026-01-02-11-56-37"}
error: Something went wrong in the Crud Repo :create {"timestamp":"2026-01-02-11-56-38"}
error: Something went wrong in the Crud Repo :create {"timestamp":"2026-01-02-11-56-39"}
info: Successfully start server {"timestamp":"2026-01-02-11-56-55"}
error: Something went wrong in the Crud Repo :create {"timestamp":"2026-01-02-11-57-05"}
info: Successfully start server {"timestamp":"2026-01-02-11-59-00"}
info: Successfully start server {"timestamp":"2026-01-02-11-59-14"}
info: Successfully start server {"timestamp":"2026-01-02-11-59-18"}
info: Successfully start server {"timestamp":"2026-01-02-11-59-19"}
error: Something went wrong in the Crud Repo :create {"timestamp":"2026-01-02-11-59-22"}
error: Something went wrong in the Crud Repo :create {"timestamp":"2026-01-02-11-59-26"}
info: Successfully start server {"timestamp":"2026-01-02-12-00-49"}
info: Successfully start server {"timestamp":"2026-01-02-12-00-54"}
info: Successfully start server {"timestamp":"2026-01-02-12-01-04"}
info: Successfully start server {"timestamp":"2026-01-02-12-02-08"}
info: Successfully start server {"timestamp":"2026-01-02-12-02-09"}
error: Something went wrong in the Crud Repo :create {"timestamp":"2026-01-02-12-02-14"}
info: Successfully start server {"timestamp":"2026-01-02-12-07-38"}
info: Successfully start server {"timestamp":"2026-01-02-12-07-44"}
info: Successfully start server {"timestamp":"2026-01-02-12-07-45"}
info: Successfully start server {"timestamp":"2026-01-02-12-08-04"}
info: Successfully start server {"timestamp":"2026-01-02-12-08-08"}
info: Successfully start server {"timestamp":"2026-01-02-12-08-26"}
info: Successfully start server {"timestamp":"2026-01-02-12-08-28"}
info: Successfully start server {"timestamp":"2026-01-02-12-08-41"}
info: Successfully start server {"timestamp":"2026-01-02-12-08-51"}
info: Successfully start server {"timestamp":"2026-01-02-12-08-53"}
info: Successfully start server {"timestamp":"2026-01-02-12-08-56"}
info: Successfully start server {"timestamp":"2026-01-02-12-08-57"}
info: Successfully start server {"timestamp":"2026-01-02-12-09-39"}
info: Successfully start server {"timestamp":"2026-01-02-12-09-55"}
info: Successfully start server {"timestamp":"2026-01-02-12-10-00"}
info: Successfully start server {"timestamp":"2026-01-02-12-10-06"}
info: Successfully start server {"timestamp":"2026-01-02-12-10-25"}
info: Successfully start server {"timestamp":"2026-01-02-12-48-18"}
info: Successfully start server {"timestamp":"2026-01-05-01-44-39"}
info: Successfully start server {"timestamp":"2026-01-05-02-01-01"}
info: Successfully start server {"timestamp":"2026-01-05-02-02-08"}
info: Successfully start server {"timestamp":"2026-01-05-02-16-49"}
info: Successfully start server {"timestamp":"2026-01-05-02-17-40"}
info: Successfully start server {"timestamp":"2026-01-05-02-18-01"}
info: Successfully start server {"timestamp":"2026-01-05-02-18-12"}
info: Successfully start server {"timestamp":"2026-01-05-02-18-16"}
info: Successfully start server {"timestamp":"2026-01-05-02-18-34"}
info: Successfully start server {"timestamp":"2026-01-05-02-18-42"}
info: Successfully start server {"timestamp":"2026-01-05-02-18-46"}
info: Successfully start server {"timestamp":"2026-01-05-02-18-51"}
info: Successfully start server {"timestamp":"2026-01-05-02-19-31"}
info: Successfully start server {"timestamp":"2026-01-05-02-19-37"}
info: Successfully start server {"timestamp":"2026-01-05-02-19-38"}
info: Successfully start server {"timestamp":"2026-01-05-02-19-41"}
info: Successfully start server {"timestamp":"2026-01-05-02-19-53"}
info: Successfully start server {"timestamp":"2026-01-05-02-20-09"}
info: Successfully start server {"timestamp":"2026-01-05-02-20-12"}
info: Successfully start server {"timestamp":"2026-01-05-02-20-14"}
info: Successfully start server {"timestamp":"2026-01-05-02-20-17"}
info: Successfully start server {"timestamp":"2026-01-05-02-21-26"}
info: Successfully start server {"timestamp":"2026-01-05-02-21-29"}
info: Successfully start server {"timestamp":"2026-01-05-02-21-55"}
info: Successfully start server {"timestamp":"2026-01-05-02-22-15"}
info: Successfully start server {"timestamp":"2026-01-05-02-22-19"}
info: Successfully start server {"timestamp":"2026-01-05-02-22-25"}
info: Successfully start server {"timestamp":"2026-01-05-02-24-09"}
info: Successfully start server {"timestamp":"2026-01-05-02-35-07"}
info: Successfully start server {"timestamp":"2026-01-05-02-35-11"}
info: Successfully start server {"timestamp":"2026-01-05-02-35-13"}
info: Successfully start server {"timestamp":"2026-01-05-02-35-17"}
info: Successfully start server {"timestamp":"2026-01-05-02-35-23"}
info: Successfully start server {"timestamp":"2026-01-05-02-35-25"}
info: Successfully start server {"timestamp":"2026-01-05-02-35-27"}
info: Successfully start server {"timestamp":"2026-01-05-02-39-06"}
info: Successfully start server {"timestamp":"2026-01-05-02-42-10"}
info: Successfully start server {"timestamp":"2026-01-05-02-42-15"}
info: Successfully start server {"timestamp":"2026-01-05-02-55-05"}
info: Successfully start server {"timestamp":"2026-01-05-02-55-11"}
info: Successfully start server {"timestamp":"2026-01-05-02-55-42"}
info: Successfully start server {"timestamp":"2026-01-05-02-55-49"}
info: Successfully start server {"timestamp":"2026-01-05-02-55-59"}
info: Successfully start server {"timestamp":"2026-01-05-02-57-52"}
info: Successfully start server {"timestamp":"2026-01-05-02-57-55"}
info: Successfully start server {"timestamp":"2026-01-05-02-57-58"}
info: Successfully start server {"timestamp":"2026-01-05-02-57-59"}
info: Successfully start server {"timestamp":"2026-01-05-02-58-01"}
info: Successfully start server {"timestamp":"2026-01-05-02-58-10"}
info: Successfully start server {"timestamp":"2026-01-05-02-58-14"}
info: Successfully start server {"timestamp":"2026-01-05-02-58-16"}
info: Successfully start server {"timestamp":"2026-01-05-02-58-18"}
info: Successfully start server {"timestamp":"2026-01-05-02-58-25"}
info: Successfully start server {"timestamp":"2026-01-05-03-00-05"}
info: Successfully start server {"timestamp":"2026-01-05-03-01-14"}
info: Successfully start server {"timestamp":"2026-01-05-03-02-51"}
info: Successfully start server {"timestamp":"2026-01-05-03-03-12"}
info: Successfully start server {"timestamp":"2026-01-05-03-04-33"}
info: Successfully start server {"timestamp":"2026-01-05-03-04-46"}
info: Successfully start server {"timestamp":"2026-01-05-03-04-48"}
info: Successfully start server {"timestamp":"2026-01-05-03-05-04"}
info: Successfully start server {"timestamp":"2026-01-05-03-05-22"}
info: Successfully start server {"timestamp":"2026-01-05-03-05-30"}
info: Successfully start server {"timestamp":"2026-01-05-03-05-39"}
info: Successfully start server {"timestamp":"2026-01-05-03-05-42"}
info: Successfully start server {"timestamp":"2026-01-05-03-05-43"}
info: Successfully start server {"timestamp":"2026-01-05-03-05-56"}
info: Successfully start server {"timestamp":"2026-01-05-03-06-08"}
info: Successfully start server {"timestamp":"2026-01-05-03-07-45"}
info: Successfully start server {"timestamp":"2026-01-05-03-07-52"}
info: Successfully start server {"timestamp":"2026-01-05-03-07-58"}
info: Successfully start server {"timestamp":"2026-01-05-03-08-04"}
info: Successfully start server {"timestamp":"2026-01-05-03-08-07"}
info: Successfully start server {"timestamp":"2026-01-05-03-08-10"}
info: Successfully start server {"timestamp":"2026-01-05-03-08-13"}
info: Successfully start server {"timestamp":"2026-01-05-03-08-33"}
info: Successfully start server {"timestamp":"2026-01-05-03-08-44"}
info: Successfully start server {"timestamp":"2026-01-05-03-09-45"}
info: Successfully start server {"timestamp":"2026-01-05-03-09-54"}
info: Successfully start server {"timestamp":"2026-01-05-03-09-56"}
info: Successfully start server {"timestamp":"2026-01-05-03-09-58"}
info: Successfully start server {"timestamp":"2026-01-05-03-10-00"}
info: Successfully start server {"timestamp":"2026-01-05-03-10-10"}
info: Successfully start server {"timestamp":"2026-01-05-03-10-12"}
info: Successfully start server {"timestamp":"2026-01-05-03-10-16"}
info: Successfully start server {"timestamp":"2026-01-05-03-10-22"}
info: Successfully start server {"timestamp":"2026-01-05-03-10-55"}
info: Successfully start server {"timestamp":"2026-01-05-03-10-57"}
info: Successfully start server {"timestamp":"2026-01-05-03-11-00"}
info: Successfully start server {"timestamp":"2026-01-05-03-11-53"}
info: Successfully start server {"timestamp":"2026-01-05-03-11-54"}
info: Successfully start server {"timestamp":"2026-01-05-03-12-01"}
info: Successfully start server {"timestamp":"2026-01-05-03-12-05"}
info: Successfully start server {"timestamp":"2026-01-05-03-12-09"}
info: Successfully start server {"timestamp":"2026-01-05-03-12-23"}
info: Successfully start server {"timestamp":"2026-01-05-03-12-50"}
info: Successfully start server {"timestamp":"2026-01-05-03-12-53"}
info: Successfully start server {"timestamp":"2026-01-05-03-12-55"}
info: Successfully start server {"timestamp":"2026-01-05-03-29-54"}
info: Successfully start server {"timestamp":"2026-01-05-03-32-16"}
info: Successfully start server {"timestamp":"2026-01-05-03-32-17"}
info: Successfully start server {"timestamp":"2026-01-05-03-33-12"}
info: Successfully start server {"timestamp":"2026-01-05-03-33-14"}
info: Successfully start server {"timestamp":"2026-01-05-03-33-16"}
info: Successfully start server {"timestamp":"2026-01-05-03-33-31"}
info: Successfully start server {"timestamp":"2026-01-05-03-37-03"}
info: Successfully start server {"timestamp":"2026-01-05-03-37-05"}
info: Successfully start server {"timestamp":"2026-01-05-03-37-08"}
info: Successfully start server {"timestamp":"2026-01-05-03-38-56"}
info: Successfully start server {"timestamp":"2026-01-05-03-41-37"}
info: Successfully start server {"timestamp":"2026-01-05-03-41-53"}
info: Successfully start server {"timestamp":"2026-01-05-04-09-42"}
info: Successfully start server {"timestamp":"2026-01-05-04-09-45"}
info: Successfully start server {"timestamp":"2026-01-05-04-11-04"}
info: Successfully start server {"timestamp":"2026-01-05-04-11-06"}
info: Successfully start server {"timestamp":"2026-01-05-04-11-08"}
info: Successfully start server {"timestamp":"2026-01-05-04-11-13"}
info: Successfully start server {"timestamp":"2026-01-05-04-11-17"}
info: Successfully start server {"timestamp":"2026-01-05-04-11-18"}
info: Successfully start server {"timestamp":"2026-01-05-04-11-24"}
info: Successfully start server {"timestamp":"2026-01-05-04-11-27"}
info: Successfully start server {"timestamp":"2026-01-05-04-11-28"}
info: Successfully start server {"timestamp":"2026-01-05-04-11-54"}
info: Successfully start server {"timestamp":"2026-01-05-04-12-05"}
info: Successfully start server {"timestamp":"2026-01-05-04-12-07"}
info: Successfully start server {"timestamp":"2026-01-05-04-12-14"}
info: Successfully start server {"timestamp":"2026-01-05-04-12-27"}
info: Successfully start server {"timestamp":"2026-01-05-04-12-30"}
info: Successfully start server {"timestamp":"2026-01-05-04-12-42"}
info: Successfully start server {"timestamp":"2026-01-05-04-12-53"}
info: Successfully start server {"timestamp":"2026-01-05-04-13-05"}
info: Successfully start server {"timestamp":"2026-01-05-04-13-10"}
info: Successfully start server {"timestamp":"2026-01-05-04-13-11"}
info: Successfully start server {"timestamp":"2026-01-05-04-16-52"}
info: Successfully start server {"timestamp":"2026-01-05-04-19-27"}
info: Successfully start server {"timestamp":"2026-01-05-04-28-26"}
info: Successfully start server {"timestamp":"2026-01-05-04-28-27"}
info: Successfully start server {"timestamp":"2026-01-05-04-28-35"}
info: Successfully start server {"timestamp":"2026-01-05-04-28-39"}
info: Successfully start server {"timestamp":"2026-01-05-04-28-40"}
info: Successfully start server {"timestamp":"2026-01-05-04-28-41"}
info: Successfully start server {"timestamp":"2026-01-05-04-28-43"}
info: Successfully start server {"timestamp":"2026-01-05-04-33-30"}
info: Successfully start server {"timestamp":"2026-01-05-04-33-33"}
info: Successfully start server {"timestamp":"2026-01-05-04-34-31"}
info: Successfully start server {"timestamp":"2026-01-05-04-34-41"}
info: Successfully start server {"timestamp":"2026-01-05-04-34-45"}
info: Successfully start server {"timestamp":"2026-01-05-04-34-52"}
info: Successfully start server {"timestamp":"2026-01-05-05-34-14"}
info: Successfully start server {"timestamp":"2026-01-05-05-36-56"}
info: Successfully start server {"timestamp":"2026-01-05-05-36-57"}
info: Successfully start server {"timestamp":"2026-01-05-05-39-54"}
info: Successfully start server {"timestamp":"2026-01-05-05-40-18"}
info: Successfully start server {"timestamp":"2026-01-05-05-40-24"}
info: Successfully start server {"timestamp":"2026-01-05-05-40-56"}
info: Successfully start server {"timestamp":"2026-01-05-05-43-56"}
info: Successfully start server {"timestamp":"2026-01-05-05-49-27"}
info: Successfully start server {"timestamp":"2026-01-05-05-50-04"}
info: Successfully start server {"timestamp":"2026-01-05-05-50-49"}
info: Successfully start server {"timestamp":"2026-01-05-05-50-52"}
info: Successfully start server {"timestamp":"2026-01-05-05-50-56"}
info: Successfully start server {"timestamp":"2026-01-05-05-50-57"}
info: Successfully start server {"timestamp":"2026-01-05-05-51-02"}
info: Successfully start server {"timestamp":"2026-01-05-05-51-05"}
info: Successfully start server {"timestamp":"2026-01-05-05-51-27"}
info: Successfully start server {"timestamp":"2026-01-05-05-52-01"}
info: Successfully start server {"timestamp":"2026-01-05-05-52-02"}
info: Successfully start server {"timestamp":"2026-01-05-05-52-10"}
info: Successfully start server {"timestamp":"2026-01-05-05-52-40"}
info: Successfully start server {"timestamp":"2026-01-05-05-52-47"}
info: Successfully start server {"timestamp":"2026-01-05-05-53-10"}
info: Successfully start server {"timestamp":"2026-01-05-05-53-12"}
info: Successfully start server {"timestamp":"2026-01-05-05-53-19"}
info: Successfully start server {"timestamp":"2026-01-05-05-53-20"}
info: Successfully start server {"timestamp":"2026-01-05-05-53-33"}
info: Successfully start server {"timestamp":"2026-01-05-05-53-34"}
info: Successfully start server {"timestamp":"2026-01-05-05-53-39"}
info: Successfully start server {"timestamp":"2026-01-05-05-53-44"}
info: Successfully start server {"timestamp":"2026-01-05-06-00-43"}
info: Successfully start server {"timestamp":"2026-01-05-06-01-53"}
info: Successfully start server {"timestamp":"2026-01-05-06-03-31"}
info: Successfully start server {"timestamp":"2026-01-05-06-11-35"}
info: Successfully start server {"timestamp":"2026-01-05-06-11-38"}
info: Successfully start server {"timestamp":"2026-01-05-06-11-41"}
info: Successfully start server {"timestamp":"2026-01-05-06-11-43"}
info: Successfully start server {"timestamp":"2026-01-05-06-11-46"}
info: Successfully start server {"timestamp":"2026-01-05-06-11-50"}
info: Successfully start server {"timestamp":"2026-01-05-06-12-16"}
info: Successfully start server {"timestamp":"2026-01-05-06-12-25"}
info: Successfully start server {"timestamp":"2026-01-05-06-12-27"}
info: Successfully start server {"timestamp":"2026-01-05-06-12-29"}
info: Successfully start server {"timestamp":"2026-01-05-06-12-33"}
info: Successfully start server {"timestamp":"2026-01-09-18-22-22"}
info: Successfully start server {"timestamp":"2026-01-09-18-34-29"}
info: Successfully start server {"timestamp":"2026-01-09-18-34-33"}
info: Successfully start server {"timestamp":"2026-01-09-18-34-35"}
info: Successfully start server {"timestamp":"2026-01-09-18-35-31"}
info: Successfully start server {"timestamp":"2026-01-09-18-35-35"}
info: Successfully start server {"timestamp":"2026-01-09-18-35-50"}
info: Successfully start server {"timestamp":"2026-01-09-18-36-00"}
info: Successfully start server {"timestamp":"2026-01-09-18-39-41"}
info: Successfully start server {"timestamp":"2026-01-09-18-40-50"}
info: Successfully start server {"timestamp":"2026-01-09-18-41-02"}
info: Successfully start server {"timestamp":"2026-01-09-18-41-04"}
info: Successfully start server {"timestamp":"2026-01-09-18-41-05"}
info: Successfully start server {"timestamp":"2026-01-09-18-41-40"}
info: Successfully start server {"timestamp":"2026-01-09-18-41-59"}
info: Successfully start server {"timestamp":"2026-01-09-18-42-16"}
info: Successfully start server {"timestamp":"2026-01-09-18-42-58"}
info: Successfully start server {"timestamp":"2026-01-09-18-43-32"}
info: Successfully start server {"timestamp":"2026-01-09-18-43-38"}
info: Successfully start server {"timestamp":"2026-01-09-18-43-44"}
info: Successfully start server {"timestamp":"2026-01-09-18-44-40"}
info: Successfully start server {"timestamp":"2026-01-09-18-44-50"}
info: Successfully start server {"timestamp":"2026-01-09-18-44-52"}
info: Successfully start server {"timestamp":"2026-01-09-18-44-57"}
info: Successfully start server {"timestamp":"2026-01-09-18-45-02"}
info: Successfully start server {"timestamp":"2026-01-09-18-45-21"}
info: Successfully start server {"timestamp":"2026-01-09-18-45-23"}
info: Successfully start server {"timestamp":"2026-01-09-18-45-41"}
info: Successfully start server {"timestamp":"2026-01-09-18-46-58"}
info: Successfully start server {"timestamp":"2026-01-09-19-12-41"}
info: Successfully start server {"timestamp":"2026-01-09-19-13-45"}
info: Successfully start server {"timestamp":"2026-01-09-19-13-51"}
info: Successfully start server {"timestamp":"2026-01-09-19-13-53"}
info: Successfully start server {"timestamp":"2026-01-09-19-13-55"}
info: Successfully start server {"timestamp":"2026-01-09-19-14-18"}
info: Successfully start server {"timestamp":"2026-01-09-19-14-27"}
info: Successfully start server {"timestamp":"2026-01-09-19-14-37"}
info: Successfully start server {"timestamp":"2026-01-09-19-15-22"}
info: Successfully start server {"timestamp":"2026-01-09-19-15-55"}
info: Successfully start server {"timestamp":"2026-01-09-19-16-58"}
info: Successfully start server {"timestamp":"2026-01-09-19-17-51"}
info: Successfully start server {"timestamp":"2026-01-09-19-17-55"}
info: Successfully start server {"timestamp":"2026-01-09-19-18-03"}
info: Successfully start server {"timestamp":"2026-01-09-19-18-05"}
info: Successfully start server {"timestamp":"2026-01-09-19-18-16"}
info: Successfully start server {"timestamp":"2026-01-09-19-18-36"}
info: Successfully start server {"timestamp":"2026-01-09-19-18-38"}
info: Successfully start server {"timestamp":"2026-01-09-19-18-57"}
info: Successfully start server {"timestamp":"2026-01-09-19-19-05"}
info: Successfully start server {"timestamp":"2026-01-09-19-19-06"}
info: Successfully start server {"timestamp":"2026-01-09-19-19-07"}
info: Successfully start server {"timestamp":"2026-01-09-19-19-09"}
info: Successfully start server {"timestamp":"2026-01-09-19-19-10"}
info: Successfully start server {"timestamp":"2026-01-09-19-19-12"}
info: Successfully start server {"timestamp":"2026-01-09-19-19-25"}
info: Successfully start server {"timestamp":"2026-01-09-19-21-03"}
info: Successfully start server {"timestamp":"2026-01-09-19-23-11"}
info: Successfully start server {"timestamp":"2026-01-09-19-23-17"}
info: Successfully start server {"timestamp":"2026-01-09-19-23-19"}
info: Successfully start server {"timestamp":"2026-01-09-19-23-21"}
info: Successfully start server {"timestamp":"2026-01-09-19-23-34"}
info: Successfully start server {"timestamp":"2026-01-09-19-23-37"}
info: Successfully start server {"timestamp":"2026-01-09-19-23-49"}
info: Successfully start server {"timestamp":"2026-01-09-19-23-58"}
info: Successfully start server {"timestamp":"2026-01-09-19-24-18"}
info: Successfully start server {"timestamp":"2026-01-09-19-24-20"}
info: Successfully start server {"timestamp":"2026-01-09-19-24-29"}
info: Successfully start server {"timestamp":"2026-01-09-19-24-31"}
info: Successfully start server {"timestamp":"2026-01-09-19-24-33"}
info: Successfully start server {"timestamp":"2026-01-09-19-24-43"}
info: Successfully start server {"timestamp":"2026-01-09-19-26-17"}
info: Successfully start server {"timestamp":"2026-01-09-19-26-42"}
info: Successfully start server {"timestamp":"2026-01-09-19-29-04"}
info: Successfully start server {"timestamp":"2026-01-09-19-29-28"}
info: Successfully start server {"timestamp":"2026-01-09-19-29-42"}
info: Successfully start server {"timestamp":"2026-01-09-19-33-57"}
info: Successfully start server {"timestamp":"2026-01-09-19-34-38"}
info: Successfully start server {"timestamp":"2026-01-09-19-39-09"}
info: Successfully start server {"timestamp":"2026-01-09-19-39-59"}
info: Successfully start server {"timestamp":"2026-01-09-19-40-01"}
info: Successfully start server {"timestamp":"2026-01-09-19-40-10"}
info: Successfully start server {"timestamp":"2026-01-09-19-41-42"}
info: Successfully start server {"timestamp":"2026-01-09-19-41-55"}
info: Successfully start server {"timestamp":"2026-01-09-19-42-12"}
info: Successfully start server {"timestamp":"2026-01-09-19-42-49"}
info: Successfully start server {"timestamp":"2026-01-09-19-42-52"}
info: Successfully start server {"timestamp":"2026-01-09-19-43-07"}
info: Successfully start server {"timestamp":"2026-01-09-19-43-09"}
info: Successfully start server {"timestamp":"2026-01-09-19-43-17"}
info: Successfully start server {"timestamp":"2026-01-09-19-43-41"}
info: Successfully start server {"timestamp":"2026-01-09-19-43-43"}
info: Successfully start server {"timestamp":"2026-01-09-19-43-45"}
info: Successfully start server {"timestamp":"2026-01-09-19-43-46"}
info: Successfully start server {"timestamp":"2026-01-09-19-43-49"}
info: Successfully start server {"timestamp":"2026-01-09-19-44-39"}
info: Successfully start server {"timestamp":"2026-01-09-19-44-40"}
info: Successfully start server {"timestamp":"2026-01-09-19-45-48"}
info: Successfully start server {"timestamp":"2026-01-09-19-45-54"}
info: Successfully start server {"timestamp":"2026-01-09-19-45-56"}
info: Successfully start server {"timestamp":"2026-01-09-19-46-03"}
info: Successfully start server {"timestamp":"2026-01-09-19-46-05"}
info: Successfully start server {"timestamp":"2026-01-09-19-46-13"}
info: Successfully start server {"timestamp":"2026-01-09-19-46-20"}
info: Successfully start server {"timestamp":"2026-01-09-19-47-56"}
info: Successfully start server {"timestamp":"2026-01-09-19-47-57"}
info: Successfully start server {"timestamp":"2026-01-09-19-48-05"}
info: Successfully start server {"timestamp":"2026-01-09-19-48-25"}
info: Successfully start server {"timestamp":"2026-01-09-19-48-26"}
info: Successfully start server {"timestamp":"2026-01-09-19-50-20"}
info: Successfully start server {"timestamp":"2026-01-09-19-52-51"}
info: Successfully start server {"timestamp":"2026-01-09-19-54-50"}
info: Successfully start server {"timestamp":"2026-01-09-20-01-28"}
info: Successfully start server {"timestamp":"2026-01-09-20-01-30"}
info: Successfully start server {"timestamp":"2026-01-09-20-03-38"}
info: Successfully start server {"timestamp":"2026-01-10-00-22-37"}
info: Successfully start server {"timestamp":"2026-01-10-00-23-07"}
info: Successfully start server {"timestamp":"2026-01-10-00-30-10"}
info: Successfully start server {"timestamp":"2026-01-10-00-44-50"}
info: Successfully start server {"timestamp":"2026-01-10-13-13-42"}
info: Successfully start server {"timestamp":"2026-01-10-13-17-51"}
info: Successfully start server {"timestamp":"2026-01-10-13-18-12"}
info: Successfully start server {"timestamp":"2026-01-10-13-19-47"}
info: Successfully start server {"timestamp":"2026-01-10-13-21-36"}
info: Successfully start server {"timestamp":"2026-01-10-13-24-20"}
info: Successfully start server {"timestamp":"2026-01-10-13-25-23"}
info: Successfully start server {"timestamp":"2026-01-10-13-25-54"}
info: Successfully start server {"timestamp":"2026-01-10-13-25-58"}
info: Successfully start server {"timestamp":"2026-01-10-13-29-16"}
info: Successfully start server {"timestamp":"2026-01-10-13-29-17"}
info: Successfully start server {"timestamp":"2026-01-10-13-29-29"}
info: Successfully start server {"timestamp":"2026-01-10-13-29-34"}
info: Successfully start server {"timestamp":"2026-01-11-02-43-16"}
info: Successfully start server {"timestamp":"2026-01-11-02-44-31"}
info: Successfully start server {"timestamp":"2026-01-11-03-23-58"}
info: Successfully start server {"timestamp":"2026-01-11-03-24-15"}
info: Successfully start server {"timestamp":"2026-01-11-03-38-18"}
info: Successfully start server {"timestamp":"2026-01-11-03-42-38"}
info: Successfully start server {"timestamp":"2026-01-11-03-42-43"}
info: Successfully start server {"timestamp":"2026-01-11-03-43-11"}
info: Successfully start server {"timestamp":"2026-01-11-03-48-51"}
info: Successfully start server {"timestamp":"2026-01-11-03-48-52"}
info: Successfully start server {"timestamp":"2026-01-11-03-49-01"}
info: Successfully start server {"timestamp":"2026-01-11-03-54-35"}
info: Successfully start server {"timestamp":"2026-01-11-03-54-41"}
info: Successfully start server {"timestamp":"2026-01-11-03-54-42"}
info: Successfully start server {"timestamp":"2026-01-11-03-54-43"}
info: Successfully start server {"timestamp":"2026-01-11-03-54-51"}
info: Successfully start server {"timestamp":"2026-01-11-03-54-58"}
info: Successfully start server {"timestamp":"2026-01-11-03-55-03"}
info: Successfully start server {"timestamp":"2026-01-11-03-55-04"}
info: Successfully start server {"timestamp":"2026-01-11-03-55-06"}
info: Successfully start server {"timestamp":"2026-01-11-03-55-41"}
info: Successfully start server {"timestamp":"2026-01-11-03-58-45"}
info: Successfully start server {"timestamp":"2026-01-11-03-58-46"}
info: Successfully start server {"timestamp":"2026-01-11-04-01-09"}
info: Successfully start server {"timestamp":"2026-01-11-04-01-12"}
info: Successfully start server {"timestamp":"2026-01-11-04-01-43"}
info: Successfully start server {"timestamp":"2026-01-11-04-01-45"}
info: Successfully start server {"timestamp":"2026-01-11-04-03-08"}
info: Successfully start server {"timestamp":"2026-01-11-04-08-36"}
info: Successfully start server {"timestamp":"2026-01-11-04-08-37"}
info: Successfully start server {"timestamp":"2026-01-11-04-08-38"}
info: Successfully start server {"timestamp":"2026-01-11-04-08-44"}
info: Successfully start server {"timestamp":"2026-01-11-04-13-36"}
info: Successfully start server {"timestamp":"2026-01-11-04-13-38"}
info: Successfully start server {"timestamp":"2026-01-11-04-14-55"}
info: Successfully start server {"timestamp":"2026-01-11-04-15-00"}
info: Successfully start server {"timestamp":"2026-01-11-04-15-27"}
info: Successfully start server {"timestamp":"2026-01-11-04-17-25"}
info: Successfully start server {"timestamp":"2026-01-11-04-47-13"}
info: Successfully start server {"timestamp":"2026-01-11-04-53-00"}
info: Successfully start server {"timestamp":"2026-01-11-04-59-05"}
info: Successfully start server {"timestamp":"2026-01-11-04-59-24"}
info: Successfully start server {"timestamp":"2026-01-11-04-59-34"}
info: Successfully start server {"timestamp":"2026-01-11-04-59-37"}
info: Successfully start server {"timestamp":"2026-01-11-04-59-42"}
info: Successfully start server {"timestamp":"2026-01-11-04-59-46"}
info: Successfully start server {"timestamp":"2026-01-11-04-59-50"}
info: Successfully start server {"timestamp":"2026-01-11-04-59-56"}
info: Successfully start server {"timestamp":"2026-01-11-05-00-00"}
info: Successfully start server {"timestamp":"2026-01-11-05-00-05"}
info: Successfully start server {"timestamp":"2026-01-11-05-00-08"}
info: Successfully start server {"timestamp":"2026-01-11-05-00-11"}
info: Successfully start server {"timestamp":"2026-01-11-05-00-23"}
info: Successfully start server {"timestamp":"2026-01-11-05-00-29"}
info: Successfully start server {"timestamp":"2026-01-11-05-00-35"}
info: Successfully start server {"timestamp":"2026-01-11-05-00-40"}
info: Successfully start server {"timestamp":"2026-01-11-05-00-43"}
info: Successfully start server {"timestamp":"2026-01-11-05-01-23"}
info: Successfully start server {"timestamp":"2026-01-11-05-01-55"}
info: Successfully start server {"timestamp":"2026-01-11-05-02-22"}
info: Successfully start server {"timestamp":"2026-01-11-05-02-25"}
info: Successfully start server {"timestamp":"2026-01-11-05-02-29"}
info: Successfully start server {"timestamp":"2026-01-11-05-02-33"}
info: Successfully start server {"timestamp":"2026-01-11-05-02-36"}
info: Successfully start server {"timestamp":"2026-01-11-05-02-49"}
info: Successfully start server {"timestamp":"2026-01-11-05-02-50"}
info: Successfully start server {"timestamp":"2026-01-11-05-02-53"}
info: Successfully start server {"timestamp":"2026-01-11-05-02-59"}
info: Successfully start server {"timestamp":"2026-01-11-05-03-02"}
info: Successfully start server {"timestamp":"2026-01-11-05-03-16"}
info: Successfully start server {"timestamp":"2026-01-11-05-03-30"}
info: Successfully start server {"timestamp":"2026-01-11-05-03-43"}
info: Successfully start server {"timestamp":"2026-01-11-05-04-07"}
info: Successfully start server {"timestamp":"2026-01-11-05-04-09"}
info: Successfully start server {"timestamp":"2026-01-11-05-04-25"}
info: Successfully start server {"timestamp":"2026-01-11-05-04-42"}
info: Successfully start server {"timestamp":"2026-01-11-05-04-46"}
info: Successfully start server {"timestamp":"2026-01-11-05-04-48"}
info: Successfully start server {"timestamp":"2026-01-11-05-04-54"}
info: Successfully start server {"timestamp":"2026-01-11-05-04-56"}
info: Successfully start server {"timestamp":"2026-01-11-05-04-58"}
info: Successfully start server {"timestamp":"2026-01-11-05-05-26"}
info: Successfully start server {"timestamp":"2026-01-11-05-05-46"}
info: Successfully start server {"timestamp":"2026-01-11-05-05-50"}
info: Successfully start server {"timestamp":"2026-01-11-05-05-52"}
info: Successfully start server {"timestamp":"2026-01-11-05-06-33"}
info: Successfully start server {"timestamp":"2026-01-11-05-07-00"}
info: Successfully start server {"timestamp":"2026-01-11-05-07-45"}
info: Successfully start server {"timestamp":"2026-01-11-05-09-33"}
info: Successfully start server {"timestamp":"2026-01-11-05-09-35"}
info: Successfully start server {"timestamp":"2026-01-11-05-09-36"}
info: Successfully start server {"timestamp":"2026-01-11-05-09-40"}
info: Successfully start server {"timestamp":"2026-01-11-05-10-55"}
info: Successfully start server {"timestamp":"2026-01-11-05-11-33"}
info: Successfully start server {"timestamp":"2026-01-11-05-12-26"}
info: Successfully start server {"timestamp":"2026-01-11-05-12-31"}
info: Successfully start server {"timestamp":"2026-01-11-05-12-37"}
info: Successfully start server {"timestamp":"2026-01-11-05-13-45"}
info: Successfully start server {"timestamp":"2026-01-11-05-14-13"}
info: Successfully start server {"timestamp":"2026-01-11-05-14-17"}
info: Successfully start server {"timestamp":"2026-01-11-05-14-43"}
info: Successfully start server {"timestamp":"2026-01-11-05-15-19"}
info: Successfully start server {"timestamp":"2026-01-11-05-15-24"}
info: Successfully start server {"timestamp":"2026-01-11-05-15-31"}
info: Successfully start server {"timestamp":"2026-01-11-05-15-36"}
info: Successfully start server {"timestamp":"2026-01-11-05-15-46"}
info: Successfully start server {"timestamp":"2026-01-11-05-15-51"}
info: Successfully start server {"timestamp":"2026-01-11-05-15-56"}
info: Successfully start server {"timestamp":"2026-01-11-05-16-04"}
info: Successfully start server {"timestamp":"2026-01-11-05-16-10"}
info: Successfully start server {"timestamp":"2026-01-11-05-16-13"}
info: Successfully start server {"timestamp":"2026-01-11-05-16-41"}
info: Successfully start server {"timestamp":"2026-01-11-05-17-37"}
info: Successfully start server {"timestamp":"2026-01-11-05-18-10"}
info: Successfully start server {"timestamp":"2026-01-11-05-18-12"}
info: Successfully start server {"timestamp":"2026-01-11-05-18-44"}
info: Successfully start server {"timestamp":"2026-01-11-05-18-47"}
info: Successfully start server {"timestamp":"2026-01-11-05-18-48"}
info: Successfully start server {"timestamp":"2026-01-11-05-21-19"}
info: Successfully start server {"timestamp":"2026-01-11-05-21-20"}
info: Successfully start server {"timestamp":"2026-01-11-05-21-30"}
info: Successfully start server {"timestamp":"2026-01-11-05-22-06"}
info: Successfully start server {"timestamp":"2026-01-11-05-22-09"}
info: Successfully start server {"timestamp":"2026-01-11-05-22-17"}
info: Successfully start server {"timestamp":"2026-01-11-05-22-20"}
info: Successfully start server {"timestamp":"2026-01-11-05-36-19"}
info: Successfully start server {"timestamp":"2026-01-11-05-48-29"}
info: Successfully start server {"timestamp":"2026-01-11-05-53-31"}
info: Successfully start server {"timestamp":"2026-01-11-05-53-35"}
info: Successfully start server {"timestamp":"2026-01-11-05-53-36"}
info: Successfully start server {"timestamp":"2026-01-11-05-57-56"}
info: Successfully start server {"timestamp":"2026-01-11-05-59-48"}
info: Successfully start server {"timestamp":"2026-01-11-06-06-29"}
info: Successfully start server {"timestamp":"2026-01-11-08-27-32"}
info: Successfully start server {"timestamp":"2026-01-11-08-31-11"}
info: Successfully start server {"timestamp":"2026-01-11-08-34-24"}
info: Successfully start server {"timestamp":"2026-01-11-08-36-01"}
info: Successfully start server {"timestamp":"2026-01-11-08-37-27"}
info: Successfully start server {"timestamp":"2026-01-11-08-37-34"}
info: Successfully start server {"timestamp":"2026-01-11-08-37-36"}
info: Successfully start server {"timestamp":"2026-01-11-08-37-38"}
info: Successfully start server {"timestamp":"2026-01-11-08-37-39"}
info: Successfully start server {"timestamp":"2026-01-11-08-37-43"}
info: Successfully start server {"timestamp":"2026-01-11-08-37-47"}
info: Successfully start server {"timestamp":"2026-01-11-08-38-06"}
info: Successfully start server {"timestamp":"2026-01-11-09-01-38"}
info: Successfully start server {"timestamp":"2026-01-11-09-03-16"}
info: Successfully start server {"timestamp":"2026-01-11-09-05-55"}
info: Successfully start server {"timestamp":"2026-01-11-09-08-02"}
info: Successfully start server {"timestamp":"2026-01-11-09-08-57"}
info: Successfully start server {"timestamp":"2026-01-11-09-49-02"}
info: Successfully start server {"timestamp":"2026-01-11-09-53-49"}
info: Successfully start server {"timestamp":"2026-01-11-09-59-46"}
info: Successfully start server {"timestamp":"2026-01-11-10-05-30"}
info: Successfully start server {"timestamp":"2026-01-11-10-09-13"}
info: Successfully start server {"timestamp":"2026-01-11-10-14-54"}
info: Successfully start server {"timestamp":"2026-01-11-10-17-07"}
info: Successfully start server {"timestamp":"2026-01-11-10-17-08"}
info: Successfully start server {"timestamp":"2026-01-11-10-17-21"}
info: Successfully start server {"timestamp":"2026-01-11-10-21-27"}
info: Successfully start server {"timestamp":"2026-01-18-23-48-02"}
